Arguments: 
  C:\Program Files\nodejs\node.exe C:\Program Files (x86)\Yarn\bin\yarn.js add ps4-walker

PATH: 
  C:\Program Files\Git\mingw64\bin;C:\Program Files\Git\usr\bin;C:\Users\lucio\bin;C:\Users\lucio\bin;C:\Program Files\Git\mingw64\bin;C:\Program Files\Git\usr\local\bin;C:\Program Files\Git\usr\bin;C:\Program Files\Git\usr\bin;C:\Program Files\Git\mingw64\bin;C:\Program Files\Git\usr\bin;C:\Users\lucio\bin;C:\Program Files\AdoptOpenJDK\jdk-11.0.7.10-hotspot\bin;C:\Windows\system32;C:\Windows;C:\Windows\System32\Wbem;C:\Windows\System32\WindowsPowerShell\v1.0;C:\Windows\System32\OpenSSH;C:\Program Files\nodejs;C:\Program Files (x86)\Yarn\bin;C:\Program Files\Git\cmd;C:\ProgramData\chocolatey\bin;C:\flutter\bin;C:\dart-sdk\bin;C:\Program Files\AdoptOpenJDK\jdk-11.0.7.10-hotspot\bin;C:\Users\lucio\AppData\Local\Microsoft\WindowsApps;C:\Users\lucio\AppData\Local\Programs\Microsoft VS Code\bin;C:\Users\lucio\AppData\Roaming\npm;C:\Users\lucio\AppData\Local\Yarn\bin;C:\Users\lucio\AppData\Local\Android\Sdk\emulator;C:\Users\lucio\AppData\Local\Android\Sdk\tools;C:\Users\lucio\AppData\Local\Android\Sdk\tools\bin;C:\Users\lucio\AppData\Local\Android\Sdk\platform-tools;C:\flutter\bin;C:\dart-sdk\bin;C:\codenation;C:\Users\lucio\AppData\Local\GitHubDesktop\bin;C:\Program Files\Git\usr\bin\vendor_perl;C:\Program Files\Git\usr\bin\core_perl

Yarn version: 
  1.22.4

Node version: 
  14.1.0

Platform: 
  win32 x64

Trace: 
  Error: https://registry.yarnpkg.com/ps4-walker: Not found
      at Request.params.callback [as _callback] (C:\Program Files (x86)\Yarn\lib\cli.js:66096:18)
      at Request.self.callback (C:\Program Files (x86)\Yarn\lib\cli.js:140748:22)
      at Request.emit (events.js:315:20)
      at Request.<anonymous> (C:\Program Files (x86)\Yarn\lib\cli.js:141720:10)
      at Request.emit (events.js:315:20)
      at IncomingMessage.<anonymous> (C:\Program Files (x86)\Yarn\lib\cli.js:141642:12)
      at Object.onceWrapper (events.js:421:28)
      at IncomingMessage.emit (events.js:327:22)
      at endReadableNT (_stream_readable.js:1223:12)
      at processTicksAndRejections (internal/process/task_queues.js:84:21)

npm manifest: 
  {
    "name": "ps4-controller",
    "version": "1.0.0",
    "main": "src/app.js",
    "license": "MIT",
    "scripts": {"dev":"nodemon"}
  }

yarn manifest: 
  No manifest

Lockfile: 
  No lockfile
